{"/Users/erlanggajuni/Devs/Dicoding/Backend Expert/math-api/src/FigureCalculator.js": {"path":"/Users/erlanggajuni/Devs/Dicoding/Backend Expert/math-api/src/FigureCalculator.js","statementMap":{"0":{"start":{"line":3,"column":4},"end":{"line":3,"column":32}},"1":{"start":{"line":8,"column":4},"end":{"line":10,"column":5}},"2":{"start":{"line":9,"column":6},"end":{"line":9,"column":74}},"3":{"start":{"line":12,"column":4},"end":{"line":16,"column":7}},"4":{"start":{"line":13,"column":6},"end":{"line":15,"column":7}},"5":{"start":{"line":14,"column":8},"end":{"line":14,"column":67}},"6":{"start":{"line":18,"column":4},"end":{"line":18,"column":16}},"7":{"start":{"line":22,"column":28},"end":{"line":22,"column":53}},"8":{"start":{"line":24,"column":4},"end":{"line":24,"column":75}},"9":{"start":{"line":28,"column":28},"end":{"line":28,"column":53}},"10":{"start":{"line":30,"column":4},"end":{"line":30,"column":51}},"11":{"start":{"line":34,"column":34},"end":{"line":34,"column":59}},"12":{"start":{"line":36,"column":4},"end":{"line":36,"column":73}},"13":{"start":{"line":40,"column":27},"end":{"line":40,"column":52}},"14":{"start":{"line":42,"column":4},"end":{"line":42,"column":77}},"15":{"start":{"line":46,"column":0},"end":{"line":46,"column":34}}},"fnMap":{"0":{"name":"(anonymous_0)","decl":{"start":{"line":2,"column":2},"end":{"line":2,"column":3}},"loc":{"start":{"line":2,"column":25},"end":{"line":4,"column":3}},"line":2},"1":{"name":"(anonymous_1)","decl":{"start":{"line":7,"column":2},"end":{"line":7,"column":3}},"loc":{"start":{"line":7,"column":35},"end":{"line":19,"column":3}},"line":7},"2":{"name":"(anonymous_2)","decl":{"start":{"line":12,"column":17},"end":{"line":12,"column":18}},"loc":{"start":{"line":12,"column":26},"end":{"line":16,"column":5}},"line":12},"3":{"name":"(anonymous_3)","decl":{"start":{"line":21,"column":2},"end":{"line":21,"column":3}},"loc":{"start":{"line":21,"column":39},"end":{"line":25,"column":3}},"line":21},"4":{"name":"(anonymous_4)","decl":{"start":{"line":27,"column":2},"end":{"line":27,"column":3}},"loc":{"start":{"line":27,"column":34},"end":{"line":31,"column":3}},"line":27},"5":{"name":"(anonymous_5)","decl":{"start":{"line":33,"column":2},"end":{"line":33,"column":3}},"loc":{"start":{"line":33,"column":38},"end":{"line":37,"column":3}},"line":33},"6":{"name":"(anonymous_6)","decl":{"start":{"line":39,"column":2},"end":{"line":39,"column":3}},"loc":{"start":{"line":39,"column":33},"end":{"line":43,"column":3}},"line":39}},"branchMap":{"0":{"loc":{"start":{"line":8,"column":4},"end":{"line":10,"column":5}},"type":"if","locations":[{"start":{"line":8,"column":4},"end":{"line":10,"column":5}},{"start":{},"end":{}}],"line":8},"1":{"loc":{"start":{"line":13,"column":6},"end":{"line":15,"column":7}},"type":"if","locations":[{"start":{"line":13,"column":6},"end":{"line":15,"column":7}},{"start":{},"end":{}}],"line":13}},"s":{"0":17,"1":32,"2":11,"3":21,"4":32,"5":12,"6":9,"7":8,"8":2,"9":10,"10":3,"11":8,"12":2,"13":6,"14":2,"15":2},"f":{"0":17,"1":32,"2":32,"3":8,"4":10,"5":8,"6":6},"b":{"0":[11,21],"1":[12,20]},"_coverageSchema":"1a1c01bbd47fc00a2c39e90264f33305004495a9","hash":"66b680177a8fd2d3365fafb6d6d405eba043711a"}
,"/Users/erlanggajuni/Devs/Dicoding/Backend Expert/math-api/src/MathBasic.js": {"path":"/Users/erlanggajuni/Devs/Dicoding/Backend Expert/math-api/src/MathBasic.js","statementMap":{"0":{"start":{"line":1,"column":18},"end":{"line":35,"column":1}},"1":{"start":{"line":3,"column":4},"end":{"line":5,"column":5}},"2":{"start":{"line":4,"column":6},"end":{"line":4,"column":65}},"3":{"start":{"line":7,"column":4},"end":{"line":11,"column":7}},"4":{"start":{"line":8,"column":6},"end":{"line":10,"column":7}},"5":{"start":{"line":9,"column":8},"end":{"line":9,"column":70}},"6":{"start":{"line":13,"column":4},"end":{"line":13,"column":16}},"7":{"start":{"line":16,"column":19},"end":{"line":16,"column":43}},"8":{"start":{"line":18,"column":4},"end":{"line":18,"column":17}},"9":{"start":{"line":21,"column":19},"end":{"line":21,"column":43}},"10":{"start":{"line":23,"column":4},"end":{"line":23,"column":17}},"11":{"start":{"line":26,"column":19},"end":{"line":26,"column":43}},"12":{"start":{"line":28,"column":4},"end":{"line":28,"column":17}},"13":{"start":{"line":31,"column":19},"end":{"line":31,"column":43}},"14":{"start":{"line":33,"column":4},"end":{"line":33,"column":17}},"15":{"start":{"line":37,"column":0},"end":{"line":37,"column":27}}},"fnMap":{"0":{"name":"(anonymous_0)","decl":{"start":{"line":2,"column":2},"end":{"line":2,"column":3}},"loc":{"start":{"line":2,"column":22},"end":{"line":14,"column":3}},"line":2},"1":{"name":"(anonymous_1)","decl":{"start":{"line":7,"column":17},"end":{"line":7,"column":18}},"loc":{"start":{"line":7,"column":26},"end":{"line":11,"column":5}},"line":7},"2":{"name":"(anonymous_2)","decl":{"start":{"line":15,"column":2},"end":{"line":15,"column":3}},"loc":{"start":{"line":15,"column":15},"end":{"line":19,"column":3}},"line":15},"3":{"name":"(anonymous_3)","decl":{"start":{"line":20,"column":2},"end":{"line":20,"column":3}},"loc":{"start":{"line":20,"column":20},"end":{"line":24,"column":3}},"line":20},"4":{"name":"(anonymous_4)","decl":{"start":{"line":25,"column":2},"end":{"line":25,"column":3}},"loc":{"start":{"line":25,"column":20},"end":{"line":29,"column":3}},"line":25},"5":{"name":"(anonymous_5)","decl":{"start":{"line":30,"column":2},"end":{"line":30,"column":3}},"loc":{"start":{"line":30,"column":18},"end":{"line":34,"column":3}},"line":30}},"branchMap":{"0":{"loc":{"start":{"line":3,"column":4},"end":{"line":5,"column":5}},"type":"if","locations":[{"start":{"line":3,"column":4},"end":{"line":5,"column":5}},{"start":{},"end":{}}],"line":3},"1":{"loc":{"start":{"line":8,"column":6},"end":{"line":10,"column":7}},"type":"if","locations":[{"start":{"line":8,"column":6},"end":{"line":10,"column":7}},{"start":{},"end":{}}],"line":8}},"s":{"0":3,"1":67,"2":16,"3":51,"4":87,"5":15,"6":36,"7":19,"8":12,"9":13,"10":5,"11":20,"12":12,"13":15,"14":7,"15":3},"f":{"0":67,"1":87,"2":19,"3":13,"4":20,"5":15},"b":{"0":[16,51],"1":[15,72]},"_coverageSchema":"1a1c01bbd47fc00a2c39e90264f33305004495a9","hash":"2ad2651948c9d7cf31ef742265c29efeb0a64b18"}
,"/Users/erlanggajuni/Devs/Dicoding/Backend Expert/math-api/src/createServer.js": {"path":"/Users/erlanggajuni/Devs/Dicoding/Backend Expert/math-api/src/createServer.js","statementMap":{"0":{"start":{"line":1,"column":13},"end":{"line":1,"column":34}},"1":{"start":{"line":3,"column":21},"end":{"line":89,"column":1}},"2":{"start":{"line":4,"column":17},"end":{"line":7,"column":4}},"3":{"start":{"line":9,"column":2},"end":{"line":86,"column":5}},"4":{"start":{"line":14,"column":25},"end":{"line":14,"column":39}},"5":{"start":{"line":15,"column":22},"end":{"line":15,"column":57}},"6":{"start":{"line":16,"column":8},"end":{"line":16,"column":25}},"7":{"start":{"line":23,"column":25},"end":{"line":23,"column":39}},"8":{"start":{"line":24,"column":22},"end":{"line":24,"column":62}},"9":{"start":{"line":25,"column":8},"end":{"line":25,"column":25}},"10":{"start":{"line":32,"column":25},"end":{"line":32,"column":39}},"11":{"start":{"line":33,"column":22},"end":{"line":33,"column":62}},"12":{"start":{"line":34,"column":8},"end":{"line":34,"column":25}},"13":{"start":{"line":41,"column":25},"end":{"line":41,"column":39}},"14":{"start":{"line":42,"column":22},"end":{"line":42,"column":60}},"15":{"start":{"line":43,"column":8},"end":{"line":43,"column":25}},"16":{"start":{"line":50,"column":34},"end":{"line":50,"column":48}},"17":{"start":{"line":51,"column":22},"end":{"line":51,"column":97}},"18":{"start":{"line":52,"column":8},"end":{"line":52,"column":25}},"19":{"start":{"line":59,"column":34},"end":{"line":59,"column":48}},"20":{"start":{"line":60,"column":22},"end":{"line":60,"column":92}},"21":{"start":{"line":61,"column":8},"end":{"line":61,"column":25}},"22":{"start":{"line":68,"column":39},"end":{"line":68,"column":53}},"23":{"start":{"line":69,"column":22},"end":{"line":73,"column":9}},"24":{"start":{"line":74,"column":8},"end":{"line":74,"column":25}},"25":{"start":{"line":81,"column":33},"end":{"line":81,"column":47}},"26":{"start":{"line":82,"column":22},"end":{"line":82,"column":90}},"27":{"start":{"line":83,"column":8},"end":{"line":83,"column":25}},"28":{"start":{"line":88,"column":2},"end":{"line":88,"column":16}},"29":{"start":{"line":91,"column":0},"end":{"line":91,"column":30}}},"fnMap":{"0":{"name":"(anonymous_0)","decl":{"start":{"line":3,"column":21},"end":{"line":3,"column":22}},"loc":{"start":{"line":3,"column":58},"end":{"line":89,"column":1}},"line":3},"1":{"name":"(anonymous_1)","decl":{"start":{"line":13,"column":15},"end":{"line":13,"column":16}},"loc":{"start":{"line":13,"column":28},"end":{"line":17,"column":7}},"line":13},"2":{"name":"(anonymous_2)","decl":{"start":{"line":22,"column":15},"end":{"line":22,"column":16}},"loc":{"start":{"line":22,"column":28},"end":{"line":26,"column":7}},"line":22},"3":{"name":"(anonymous_3)","decl":{"start":{"line":31,"column":15},"end":{"line":31,"column":16}},"loc":{"start":{"line":31,"column":28},"end":{"line":35,"column":7}},"line":31},"4":{"name":"(anonymous_4)","decl":{"start":{"line":40,"column":15},"end":{"line":40,"column":16}},"loc":{"start":{"line":40,"column":28},"end":{"line":44,"column":7}},"line":40},"5":{"name":"(anonymous_5)","decl":{"start":{"line":49,"column":15},"end":{"line":49,"column":16}},"loc":{"start":{"line":49,"column":28},"end":{"line":53,"column":7}},"line":49},"6":{"name":"(anonymous_6)","decl":{"start":{"line":58,"column":15},"end":{"line":58,"column":16}},"loc":{"start":{"line":58,"column":28},"end":{"line":62,"column":7}},"line":58},"7":{"name":"(anonymous_7)","decl":{"start":{"line":67,"column":15},"end":{"line":67,"column":16}},"loc":{"start":{"line":67,"column":28},"end":{"line":75,"column":7}},"line":67},"8":{"name":"(anonymous_8)","decl":{"start":{"line":80,"column":15},"end":{"line":80,"column":16}},"loc":{"start":{"line":80,"column":28},"end":{"line":84,"column":7}},"line":80}},"branchMap":{},"s":{"0":1,"1":1,"2":8,"3":8,"4":1,"5":1,"6":1,"7":1,"8":1,"9":1,"10":1,"11":1,"12":1,"13":1,"14":1,"15":1,"16":1,"17":1,"18":1,"19":1,"20":1,"21":1,"22":1,"23":1,"24":1,"25":1,"26":1,"27":1,"28":8,"29":1},"f":{"0":8,"1":1,"2":1,"3":1,"4":1,"5":1,"6":1,"7":1,"8":1},"b":{},"_coverageSchema":"1a1c01bbd47fc00a2c39e90264f33305004495a9","hash":"75fb5dac4033ffbfe835e42fe8b2c30d52633f42"}
}
