TN:
SF:src/MathBasic.js
FN:2,(anonymous_0)
FN:15,(anonymous_1)
FN:27,(anonymous_2)
FN:39,(anonymous_3)
FNF:4
FNH:4
FNDA:10,(anonymous_0)
FNDA:12,(anonymous_1)
FNDA:12,(anonymous_2)
FNDA:12,(anonymous_3)
DA:1,1
DA:3,10
DA:4,4
DA:7,6
DA:9,6
DA:10,3
DA:13,3
DA:16,12
DA:17,4
DA:20,8
DA:21,8
DA:22,4
DA:25,4
DA:28,12
DA:29,4
DA:32,8
DA:33,8
DA:34,4
DA:37,4
DA:40,12
DA:41,4
DA:44,8
DA:46,8
DA:47,4
DA:50,4
DA:54,1
LF:26
LH:26
BRDA:3,0,0,4
BRDA:3,0,1,6
BRDA:9,1,0,3
BRDA:9,1,1,3
BRDA:9,2,0,6
BRDA:9,2,1,3
BRDA:16,3,0,4
BRDA:16,3,1,8
BRDA:21,4,0,4
BRDA:21,4,1,4
BRDA:21,5,0,8
BRDA:21,5,1,4
BRDA:28,6,0,4
BRDA:28,6,1,8
BRDA:33,7,0,4
BRDA:33,7,1,4
BRDA:33,8,0,8
BRDA:33,8,1,4
BRDA:40,9,0,4
BRDA:40,9,1,8
BRDA:46,10,0,4
BRDA:46,10,1,4
BRDA:46,11,0,8
BRDA:46,11,1,4
BRF:24
BRH:24
end_of_record
